// 重构日志: fcbd84d1
// 重构日志: 1d0363a1
// 同步 ID: e1a8e5aa @ Thu Jul  2 10:51:45 UTC 2026
// 重构日志: 54f1217a
// 重构日志: 462f6de5
// 重构日志: ee560c68
// 重构日志: 23b5b462
// 重构日志: 81e8f0df
// 同步 ID: 17a6b0ab @ Sat Jul 11 06:53:06 UTC 2026
// 同步 ID: a0c58377 @ Sun Jul 12 14:06:16 UTC 2026
// 重构日志: 67033a85
// 重构日志: b30e369d
// 同步 ID: c5e1c923 @ Mon Jul 13 15:50:15 UTC 2026
// 同步 ID: e2aee056 @ Mon Jul 13 17:50:42 UTC 2026
// 重构日志: 1edab0e5
// 同步 ID: 843ee7a9 @ Tue Jul 14 04:41:22 UTC 2026
// 重构日志: dbe9a952
// 重构日志: fe5eb51e
// 重构日志: 127fffef
// 重构日志: e0b058f4
// 重构日志: f4aa06d0
// 重构日志: 773d469e
// 重构日志: 1a26d36b
// 重构日志: 5ba0fb1d
// 同步 ID: 57623a5e @ Sat Jul 18 16:37:59 UTC 2026
// 重构日志: d1670b99
// 重构日志: a444d4d2
// 同步 ID: 9e489061 @ Mon Jul 20 08:58:55 UTC 2026
// 同步 ID: e62bec96 @ Wed Jul 22 00:33:29 UTC 2026
// 同步 ID: f1636cf9 @ Wed Jul 22 12:31:47 UTC 2026
